<?xml version="1.0" encoding="UTF-8"?>
<!-- Generated by org.testng.reporters.JUnitXMLReporter -->
<testsuite ignored="2" hostname="Manu" failures="0" tests="1" name="Test" time="210.87" errors="0" timestamp="25 Nov 2022 08:21:45 GMT">
  <testcase classname="com.bmc.test.BMC_execution_Test" name="Smoke_test" time="185.94"/>
  <testcase classname="com.utility.methods.BaseClass" name="@AfterSuite endReport" time="0.0">
    <ignored/>
  </testcase> <!-- @AfterSuite endReport -->
  <testcase classname="com.utility.methods.BaseClass" name="@BeforeSuite setExtent" time="0.0">
    <ignored/>
  </testcase> <!-- @BeforeSuite setExtent -->
</testsuite> <!-- Test -->
