<?xml version="1.0" encoding="UTF-8"?>
<testng-results ignored="2" total="3" passed="1" failed="0" skipped="0">
  <reporter-output>
  </reporter-output>
  <suite started-at="2022-11-25T08:18:11Z" name="Suite" finished-at="2022-11-25T08:21:42Z" duration-ms="210870">
    <groups>
    </groups>
    <test started-at="2022-11-25T08:18:11Z" name="Test" finished-at="2022-11-25T08:21:42Z" duration-ms="210870">
      <class name="com.bmc.test.BMC_execution_Test">
        <test-method is-config="true" signature="setExtent()[pri:0, instance:com.bmc.test.BMC_execution_Test@95e33cc]" started-at="2022-11-25T08:18:11Z" name="setExtent" finished-at="2022-11-25T08:18:11Z" duration-ms="223" status="PASS">
          <reporter-output>
          </reporter-output>
        </test-method> <!-- setExtent -->
        <test-method is-config="true" signature="start_up_sanity()[pri:0, instance:com.bmc.test.BMC_execution_Test@95e33cc]" started-at="2022-11-25T08:18:11Z" name="start_up_sanity" finished-at="2022-11-25T08:18:21Z" duration-ms="9709" status="PASS">
          <reporter-output>
          </reporter-output>
        </test-method> <!-- start_up_sanity -->
        <test-method signature="Smoke_test()[pri:1, instance:com.bmc.test.BMC_execution_Test@95e33cc]" started-at="2022-11-25T08:18:21Z" name="Smoke_test" finished-at="2022-11-25T08:21:27Z" duration-ms="185940" status="PASS">
          <reporter-output>
          </reporter-output>
        </test-method> <!-- Smoke_test -->
        <test-method is-config="true" signature="tearDown(org.testng.ITestResult)[pri:0, instance:com.bmc.test.BMC_execution_Test@95e33cc]" started-at="2022-11-25T08:21:27Z" name="tearDown" finished-at="2022-11-25T08:21:42Z" duration-ms="15206" status="PASS">
          <params>
            <param index="0">
              <value>
                <![CDATA[[TestResult name=Smoke_test status=SUCCESS method=BMC_execution_Test.Smoke_test()[pri:1, instance:com.bmc.test.BMC_execution_Test@95e33cc] output={null}]]]>
              </value>
            </param>
          </params>
          <reporter-output>
          </reporter-output>
        </test-method> <!-- tearDown -->
        <test-method is-config="true" signature="endReport()[pri:0, instance:com.bmc.test.BMC_execution_Test@95e33cc]" started-at="2022-11-25T08:21:46Z" name="endReport" finished-at="2022-11-25T08:21:48Z" duration-ms="2135" status="PASS">
          <reporter-output>
          </reporter-output>
        </test-method> <!-- endReport -->
      </class> <!-- com.bmc.test.BMC_execution_Test -->
    </test> <!-- Test -->
  </suite> <!-- Suite -->
</testng-results>
